<?xml version="1.0" encoding="UTF-8"?>
<!-- Generated by org.testng.reporters.JUnitXMLReporter -->
<testsuite ignored="0" hostname="LTIN647622" failures="0" tests="3" name="ChromeTest" time="41.791" errors="0" timestamp="2025-11-22T11:58:55 IST">
  <testcase classname="TestCases.TC001_SportsActivities" name="displayCheapestActivity" time="7.473"/>
  <testcase classname="TestCases.TC002_MovieLanguages" name="displayMovieLanguages" time="4.338"/>
  <testcase classname="TestCases.TC003_InvalidSignIn$InvalidSignInTest" name="invalidSignIn" time="2.718"/>
</testsuite> <!-- ChromeTest -->
