<?xml version="1.0" encoding="UTF-8"?>
<!-- Generated by org.testng.reporters.JUnitXMLReporter -->
<testsuite ignored="0" hostname="LTIN647708" failures="0" tests="3" name="Test" time="26.487" errors="0" timestamp="2025-11-19T11:13:56 IST">
  <testcase classname="TestCases.TC001_SportsActivities" name="displayCheapestActivity" time="6.218"/>
  <testcase classname="TestCases.TC002_MovieLanguages" name="displayMovieLanguages" time="2.188"/>
  <testcase classname="TestCases.TC003_InvalidSignIn$InvalidSignInTest" name="invalidSignIn" time="1.425"/>
</testsuite> <!-- Test -->
