<?xml version="1.0" encoding="UTF-8"?>
<!-- Generated by org.testng.reporters.JUnitXMLReporter -->
<testsuite ignored="0" hostname="LTIN647622" failures="0" tests="3" name="Test" time="38.909" errors="0" timestamp="2025-11-21T23:37:23 IST">
  <testcase classname="TestCases.TC001_SportsActivities" name="displayCheapestActivity" time="6.239"/>
  <testcase classname="TestCases.TC002_MovieLanguages" name="displayMovieLanguages" time="2.807"/>
  <testcase classname="TestCases.TC003_InvalidSignIn$InvalidSignInTest" name="invalidSignIn" time="2.055"/>
</testsuite> <!-- Test -->
