<?xml version="1.0" encoding="UTF-8"?>
<testng-results ignored="0" total="3" passed="3" failed="0" skipped="0">
  <reporter-output>
  </reporter-output>
  <suite started-at="2025-11-19T11:13:29 IST" name="Suite" finished-at="2025-11-19T11:13:56 IST" duration-ms="26487">
    <groups>
    </groups>
    <test started-at="2025-11-19T11:13:29 IST" name="Test" finished-at="2025-11-19T11:13:56 IST" duration-ms="26487">
      <class name="TestCases.TC001_SportsActivities">
        <test-method is-config="true" signature="setUp()[pri:0, instance:TestCases.TC001_SportsActivities@6150c3ec]" started-at="2025-11-19T11:13:29 IST" name="setUp" finished-at="2025-11-19T11:13:33 IST" duration-ms="4361" status="PASS">
          <reporter-output>
          </reporter-output>
        </test-method> <!-- setUp -->
        <test-method signature="displayCheapestActivity()[pri:1, instance:TestCases.TC001_SportsActivities@6150c3ec]" started-at="2025-11-19T11:13:33 IST" name="displayCheapestActivity" finished-at="2025-11-19T11:13:40 IST" duration-ms="6218" status="PASS">
          <reporter-output>
          </reporter-output>
        </test-method> <!-- displayCheapestActivity -->
        <test-method is-config="true" signature="tearDown()[pri:0, instance:TestCases.TC001_SportsActivities@6150c3ec]" started-at="2025-11-19T11:13:40 IST" name="tearDown" finished-at="2025-11-19T11:13:42 IST" duration-ms="2011" status="PASS">
          <reporter-output>
          </reporter-output>
        </test-method> <!-- tearDown -->
      </class> <!-- TestCases.TC001_SportsActivities -->
      <class name="TestCases.TC002_MovieLanguages">
        <test-method is-config="true" signature="setUp()[pri:0, instance:TestCases.TC002_MovieLanguages@45c7e403]" started-at="2025-11-19T11:13:42 IST" name="setUp" finished-at="2025-11-19T11:13:45 IST" duration-ms="3420" status="PASS">
          <reporter-output>
          </reporter-output>
        </test-method> <!-- setUp -->
        <test-method signature="displayMovieLanguages()[pri:2, instance:TestCases.TC002_MovieLanguages@45c7e403]" started-at="2025-11-19T11:13:45 IST" name="displayMovieLanguages" finished-at="2025-11-19T11:13:47 IST" duration-ms="2188" status="PASS">
          <reporter-output>
          </reporter-output>
        </test-method> <!-- displayMovieLanguages -->
        <test-method is-config="true" signature="tearDown()[pri:0, instance:TestCases.TC002_MovieLanguages@45c7e403]" started-at="2025-11-19T11:13:47 IST" name="tearDown" finished-at="2025-11-19T11:13:49 IST" duration-ms="1876" status="PASS">
          <reporter-output>
          </reporter-output>
        </test-method> <!-- tearDown -->
      </class> <!-- TestCases.TC002_MovieLanguages -->
      <class name="TestCases.TC003_InvalidSignIn$InvalidSignInTest">
        <test-method is-config="true" signature="setUp()[pri:0, instance:TestCases.TC003_InvalidSignIn$InvalidSignInTest@2925bf5b]" started-at="2025-11-19T11:13:49 IST" name="setUp" finished-at="2025-11-19T11:13:52 IST" duration-ms="3267" status="PASS">
          <reporter-output>
          </reporter-output>
        </test-method> <!-- setUp -->
        <test-method signature="invalidSignIn()[pri:3, instance:TestCases.TC003_InvalidSignIn$InvalidSignInTest@2925bf5b]" started-at="2025-11-19T11:13:52 IST" name="invalidSignIn" finished-at="2025-11-19T11:13:54 IST" duration-ms="1425" status="PASS">
          <reporter-output>
          </reporter-output>
        </test-method> <!-- invalidSignIn -->
        <test-method is-config="true" signature="tearDown()[pri:0, instance:TestCases.TC003_InvalidSignIn$InvalidSignInTest@2925bf5b]" started-at="2025-11-19T11:13:54 IST" name="tearDown" finished-at="2025-11-19T11:13:56 IST" duration-ms="1677" status="PASS">
          <reporter-output>
          </reporter-output>
        </test-method> <!-- tearDown -->
      </class> <!-- TestCases.TC003_InvalidSignIn$InvalidSignInTest -->
    </test> <!-- Test -->
  </suite> <!-- Suite -->
</testng-results>
