<?xml version="1.0" encoding="UTF-8"?>
<testng-results ignored="0" total="3" passed="3" failed="0" skipped="0">
  <reporter-output>
  </reporter-output>
  <suite started-at="2025-11-21T23:36:44 IST" name="Suite" finished-at="2025-11-21T23:37:23 IST" duration-ms="38909">
    <groups>
    </groups>
    <test started-at="2025-11-21T23:36:44 IST" name="Test" finished-at="2025-11-21T23:37:23 IST" duration-ms="38909">
      <class name="TestCases.TC001_SportsActivities">
        <test-method is-config="true" signature="setUp()[pri:0, instance:TestCases.TC001_SportsActivities@6771beb3]" started-at="2025-11-21T23:36:44 IST" name="setUp" finished-at="2025-11-21T23:36:55 IST" duration-ms="10945" status="PASS">
          <reporter-output>
          </reporter-output>
        </test-method> <!-- setUp -->
        <test-method signature="displayCheapestActivity()[pri:1, instance:TestCases.TC001_SportsActivities@6771beb3]" started-at="2025-11-21T23:36:55 IST" name="displayCheapestActivity" finished-at="2025-11-21T23:37:01 IST" duration-ms="6239" status="PASS">
          <reporter-output>
          </reporter-output>
        </test-method> <!-- displayCheapestActivity -->
        <test-method is-config="true" signature="tearDown()[pri:0, instance:TestCases.TC001_SportsActivities@6771beb3]" started-at="2025-11-21T23:37:01 IST" name="tearDown" finished-at="2025-11-21T23:37:04 IST" duration-ms="2264" status="PASS">
          <reporter-output>
          </reporter-output>
        </test-method> <!-- tearDown -->
      </class> <!-- TestCases.TC001_SportsActivities -->
      <class name="TestCases.TC002_MovieLanguages">
        <test-method is-config="true" signature="setUp()[pri:0, instance:TestCases.TC002_MovieLanguages@5bda8e08]" started-at="2025-11-21T23:37:04 IST" name="setUp" finished-at="2025-11-21T23:37:09 IST" duration-ms="5332" status="PASS">
          <reporter-output>
          </reporter-output>
        </test-method> <!-- setUp -->
        <test-method signature="displayMovieLanguages()[pri:2, instance:TestCases.TC002_MovieLanguages@5bda8e08]" started-at="2025-11-21T23:37:09 IST" name="displayMovieLanguages" finished-at="2025-11-21T23:37:12 IST" duration-ms="2807" status="PASS">
          <reporter-output>
          </reporter-output>
        </test-method> <!-- displayMovieLanguages -->
        <test-method is-config="true" signature="tearDown()[pri:0, instance:TestCases.TC002_MovieLanguages@5bda8e08]" started-at="2025-11-21T23:37:12 IST" name="tearDown" finished-at="2025-11-21T23:37:14 IST" duration-ms="2213" status="PASS">
          <reporter-output>
          </reporter-output>
        </test-method> <!-- tearDown -->
      </class> <!-- TestCases.TC002_MovieLanguages -->
      <class name="TestCases.TC003_InvalidSignIn$InvalidSignInTest">
        <test-method is-config="true" signature="setUp()[pri:0, instance:TestCases.TC003_InvalidSignIn$InvalidSignInTest@1e800aaa]" started-at="2025-11-21T23:37:14 IST" name="setUp" finished-at="2025-11-21T23:37:19 IST" duration-ms="4807" status="PASS">
          <reporter-output>
          </reporter-output>
        </test-method> <!-- setUp -->
        <test-method signature="invalidSignIn()[pri:3, instance:TestCases.TC003_InvalidSignIn$InvalidSignInTest@1e800aaa]" started-at="2025-11-21T23:37:19 IST" name="invalidSignIn" finished-at="2025-11-21T23:37:21 IST" duration-ms="2055" status="PASS">
          <reporter-output>
          </reporter-output>
        </test-method> <!-- invalidSignIn -->
        <test-method is-config="true" signature="tearDown()[pri:0, instance:TestCases.TC003_InvalidSignIn$InvalidSignInTest@1e800aaa]" started-at="2025-11-21T23:37:21 IST" name="tearDown" finished-at="2025-11-21T23:37:23 IST" duration-ms="2158" status="PASS">
          <reporter-output>
          </reporter-output>
        </test-method> <!-- tearDown -->
      </class> <!-- TestCases.TC003_InvalidSignIn$InvalidSignInTest -->
    </test> <!-- Test -->
  </suite> <!-- Suite -->
</testng-results>
