<?xml version="1.0" encoding="UTF-8"?>
<!-- Generated by org.testng.reporters.JUnitReportReporter -->
<testsuite hostname="LTIN647622" failures="0" tests="2" name="TestCases.TC002_MovieLanguages" time="24.732" errors="0" timestamp="2025-11-22T11:58:55 IST" skipped="0">
  <testcase classname="TestCases.TC002_MovieLanguages" name="displayMovieLanguages" time="12.298"/>
  <testcase classname="TestCases.TC002_MovieLanguages" name="displayMovieLanguages" time="12.434"/>
</testsuite> <!-- TestCases.TC002_MovieLanguages -->
