<?xml version="1.0" encoding="UTF-8"?>
<!-- Generated by org.testng.reporters.JUnitReportReporter -->
<testsuite hostname="LTIN647622" failures="0" tests="2" name="TestCases.TC001_SportsActivities" time="36.637" errors="0" timestamp="2025-11-22T11:58:55 IST" skipped="0">
  <testcase classname="TestCases.TC001_SportsActivities" name="displayCheapestActivity" time="18.297"/>
  <testcase classname="TestCases.TC001_SportsActivities" name="displayCheapestActivity" time="18.340"/>
</testsuite> <!-- TestCases.TC001_SportsActivities -->
