<?xml version="1.0" encoding="UTF-8"?>
<!-- Generated by org.testng.reporters.JUnitReportReporter -->
<testsuite hostname="LTIN647622" failures="0" tests="2" name="TestCases.TC003_InvalidSignIn$InvalidSignInTest" time="21.718" errors="0" timestamp="2025-11-22T11:58:55 IST" skipped="0">
  <testcase classname="TestCases.TC003_InvalidSignIn$InvalidSignInTest" name="invalidSignIn" time="10.748"/>
  <testcase classname="TestCases.TC003_InvalidSignIn$InvalidSignInTest" name="invalidSignIn" time="10.970"/>
</testsuite> <!-- TestCases.TC003_InvalidSignIn$InvalidSignInTest -->
